<?xml version="1.0" encoding="UTF-8"?>
<testng-results skipped="0" failed="0" total="1" passed="1">
  <reporter-output>
  </reporter-output>
  <suite name="SmokeSuite" duration-ms="85678" started-at="2017-10-16T11:17:22Z" finished-at="2017-10-16T11:18:47Z">
    <groups>
      <group name="cucumber">
        <method signature="AbstractTestNGCucumberTests.feature(cucumber.api.testng.CucumberFeatureWrapper)[pri:0, instance:stepDefinition.TestNGRunner@25359ed8]" name="feature" class="cucumber.api.testng.AbstractTestNGCucumberTests"/>
      </group> <!-- cucumber -->
    </groups>
    <test name="Test Modules" duration-ms="85678" started-at="2017-10-16T11:17:22Z" finished-at="2017-10-16T11:18:47Z">
      <class name="stepDefinition.TestNGRunner">
        <test-method status="PASS" signature="setUpClass()[pri:0, instance:stepDefinition.TestNGRunner@25359ed8]" name="setUpClass" is-config="true" duration-ms="330" started-at="2017-10-16T16:47:22Z" finished-at="2017-10-16T16:47:22Z">
          <reporter-output>
          </reporter-output>
        </test-method> <!-- setUpClass -->
        <test-method status="PASS" signature="feature(cucumber.api.testng.CucumberFeatureWrapper)[pri:0, instance:stepDefinition.TestNGRunner@25359ed8]" name="feature" duration-ms="85115" started-at="2017-10-16T16:47:22Z" description="Runs Cucumber Feature" data-provider="features" finished-at="2017-10-16T16:48:47Z">
          <params>
            <param index="0">
              <value>
                <![CDATA[Dashboard Profile]]>
              </value>
            </param>
          </params>
          <reporter-output>
          </reporter-output>
        </test-method> <!-- feature -->
        <test-method status="PASS" signature="tearDownClass()[pri:0, instance:stepDefinition.TestNGRunner@25359ed8]" name="tearDownClass" is-config="true" duration-ms="60" started-at="2017-10-16T16:48:47Z" finished-at="2017-10-16T16:48:47Z">
          <reporter-output>
          </reporter-output>
        </test-method> <!-- tearDownClass -->
      </class> <!-- stepDefinition.TestNGRunner -->
    </test> <!-- Test Modules -->
  </suite> <!-- SmokeSuite -->
</testng-results>
