<?xml version="1.0" encoding="UTF-8"?>
<testng-results skipped="0" failed="0" ignored="0" total="1" passed="1">
  <reporter-output>
  </reporter-output>
  <suite name="Default suite" duration-ms="11237" started-at="2017-11-22T11:55:05Z" finished-at="2017-11-22T11:55:16Z">
    <groups>
    </groups>
    <test name="Default test" duration-ms="11237" started-at="2017-11-22T11:55:05Z" finished-at="2017-11-22T11:55:16Z">
      <class name="pageObjects.Login_StarMeUp">
        <test-method status="PASS" signature="first()[pri:0, instance:pageObjects.Login_StarMeUp@58651fd0]" name="first" duration-ms="11220" started-at="2017-11-22T17:25:05Z" finished-at="2017-11-22T17:25:16Z">
          <reporter-output>
          </reporter-output>
        </test-method> <!-- first -->
      </class> <!-- pageObjects.Login_StarMeUp -->
    </test> <!-- Default test -->
  </suite> <!-- Default suite -->
</testng-results>
