<?xml version="1.0" encoding="UTF-8"?>
<testng-results skipped="0" failed="0" ignored="0" total="5" passed="5">
  <reporter-output>
  </reporter-output>
  <suite name="Default suite" duration-ms="1899" started-at="2017-12-08T09:02:35Z" finished-at="2017-12-08T09:02:37Z">
    <groups>
    </groups>
    <test name="Default test" duration-ms="1899" started-at="2017-12-08T09:02:35Z" finished-at="2017-12-08T09:02:37Z">
      <class name="com.data.ExcelToDataProvider">
        <test-method status="PASS" signature="fillUserForm(java.lang.String, java.lang.String, java.lang.String)[pri:0, instance:com.data.ExcelToDataProvider@4f970963]" name="fillUserForm" duration-ms="10" started-at="2017-12-08T14:32:37Z" data-provider="userdata" finished-at="2017-12-08T14:32:37Z">
          <params>
            <param index="0">
              <value>
                <![CDATA[int]]>
              </value>
            </param>
            <param index="1">
              <value>
                <![CDATA[Primitive]]>
              </value>
            </param>
            <param index="2">
              <value>
                <![CDATA[2.0]]>
              </value>
            </param>
          </params>
          <reporter-output>
          </reporter-output>
        </test-method> <!-- fillUserForm -->
        <test-method status="PASS" signature="fillUserForm(java.lang.String, java.lang.String, java.lang.String)[pri:0, instance:com.data.ExcelToDataProvider@4f970963]" name="fillUserForm" duration-ms="4" started-at="2017-12-08T14:32:37Z" data-provider="userdata" finished-at="2017-12-08T14:32:37Z">
          <params>
            <param index="0">
              <value>
                <![CDATA[float]]>
              </value>
            </param>
            <param index="1">
              <value>
                <![CDATA[Primitive]]>
              </value>
            </param>
            <param index="2">
              <value>
                <![CDATA[4.0]]>
              </value>
            </param>
          </params>
          <reporter-output>
          </reporter-output>
        </test-method> <!-- fillUserForm -->
        <test-method status="PASS" signature="fillUserForm(java.lang.String, java.lang.String, java.lang.String)[pri:0, instance:com.data.ExcelToDataProvider@4f970963]" name="fillUserForm" duration-ms="3" started-at="2017-12-08T14:32:37Z" data-provider="userdata" finished-at="2017-12-08T14:32:37Z">
          <params>
            <param index="0">
              <value>
                <![CDATA[double]]>
              </value>
            </param>
            <param index="1">
              <value>
                <![CDATA[Primitive]]>
              </value>
            </param>
            <param index="2">
              <value>
                <![CDATA[8.0]]>
              </value>
            </param>
          </params>
          <reporter-output>
          </reporter-output>
        </test-method> <!-- fillUserForm -->
        <test-method status="PASS" signature="fillUserForm(java.lang.String, java.lang.String, java.lang.String)[pri:0, instance:com.data.ExcelToDataProvider@4f970963]" name="fillUserForm" duration-ms="2" started-at="2017-12-08T14:32:37Z" data-provider="userdata" finished-at="2017-12-08T14:32:37Z">
          <params>
            <param index="0">
              <value>
                <![CDATA[char]]>
              </value>
            </param>
            <param index="1">
              <value>
                <![CDATA[Primitive]]>
              </value>
            </param>
            <param index="2">
              <value>
                <![CDATA[1.0]]>
              </value>
            </param>
          </params>
          <reporter-output>
          </reporter-output>
        </test-method> <!-- fillUserForm -->
        <test-method status="PASS" signature="fillUserForm(java.lang.String, java.lang.String, java.lang.String)[pri:0, instance:com.data.ExcelToDataProvider@4f970963]" name="fillUserForm" duration-ms="2" started-at="2017-12-08T14:32:37Z" data-provider="userdata" finished-at="2017-12-08T14:32:37Z">
          <params>
            <param index="0">
              <value>
                <![CDATA[String]]>
              </value>
            </param>
            <param index="1">
              <value>
                <![CDATA[Non-Primitive]]>
              </value>
            </param>
            <param index="2">
              <value>
                <![CDATA[No fixed size]]>
              </value>
            </param>
          </params>
          <reporter-output>
          </reporter-output>
        </test-method> <!-- fillUserForm -->
      </class> <!-- com.data.ExcelToDataProvider -->
    </test> <!-- Default test -->
  </suite> <!-- Default suite -->
</testng-results>
