<?xml version="1.0" encoding="UTF-8"?>
<!-- Generated by org.testng.reporters.JUnitXMLReporter -->
<testsuite hostname="IN-IT0693" ignored="0" name="Default test" tests="5" failures="0" timestamp="08 Dec 2017 11:46:46 GMT" time="0.931" errors="0">
  <testcase name="fillUserForm" time="0.026" classname="dataExternal.ExcelToDataProvider"/>
  <testcase name="fillUserForm" time="0.001" classname="dataExternal.ExcelToDataProvider"/>
  <testcase name="fillUserForm" time="0.001" classname="dataExternal.ExcelToDataProvider"/>
  <testcase name="fillUserForm" time="0.002" classname="dataExternal.ExcelToDataProvider"/>
  <testcase name="fillUserForm" time="0.001" classname="dataExternal.ExcelToDataProvider"/>
</testsuite> <!-- Default test -->
