<?xml version="1.0" encoding="UTF-8"?>
<!-- Generated by org.testng.reporters.JUnitXMLReporter -->
<testsuite hostname="IN-IT0693" ignored="0" name="Regression suite 1" tests="3" failures="0" timestamp="26 Oct 2017 06:32:47 GMT" time="25.871" errors="0">
  <testcase name="runSecondTest" time="14.201" classname="com.test.pack.Class_test"/>
  <testcase name="dofirst" time="14.294" classname="com.test.pack.Class_test"/>
  <testcase name="testGroupTest" time="11.562" classname="com.test.pack.Class_test"/>
</testsuite> <!-- Regression suite 1 -->
