<?xml version="1.0" encoding="UTF-8"?>
<testng-results skipped="0" failed="0" ignored="0" total="1" passed="1">
  <reporter-output>
  </reporter-output>
  <suite name="Suite" duration-ms="59" started-at="2017-12-11T11:05:04Z" finished-at="2017-12-11T11:05:04Z">
    <groups>
    </groups>
    <test name="Test" duration-ms="59" started-at="2017-12-11T11:05:04Z" finished-at="2017-12-11T11:05:04Z">
      <class name="demoJenkins.JenkinsTest">
        <test-method status="PASS" signature="testJenkins()[pri:0, instance:demoJenkins.JenkinsTest@458ad742]" name="testJenkins" duration-ms="17" started-at="2017-12-11T16:35:04Z" finished-at="2017-12-11T16:35:04Z">
          <reporter-output>
          </reporter-output>
        </test-method> <!-- testJenkins -->
      </class> <!-- demoJenkins.JenkinsTest -->
    </test> <!-- Test -->
  </suite> <!-- Suite -->
</testng-results>
