<?xml version="1.0" encoding="UTF-8"?>
<testng-results skipped="0" failed="0" ignored="0" total="3" passed="3">
  <reporter-output>
  </reporter-output>
  <suite name="example suite 1" duration-ms="25871" started-at="2017-10-26T06:32:21Z" finished-at="2017-10-26T06:32:47Z">
    <groups>
      <group name="Scooter">
        <method signature="Class_test.runSecondTest()[pri:0, instance:com.test.pack.Class_test@1753acfe]" name="runSecondTest" class="com.test.pack.Class_test"/>
      </group> <!-- Scooter -->
      <group name="Car">
        <method signature="Class_test.dofirst()[pri:0, instance:com.test.pack.Class_test@1753acfe]" name="dofirst" class="com.test.pack.Class_test"/>
        <method signature="Class_test.testGroupTest()[pri:0, instance:com.test.pack.Class_test@1753acfe]" name="testGroupTest" class="com.test.pack.Class_test"/>
      </group> <!-- Car -->
    </groups>
    <test name="Regression suite 1" duration-ms="25871" started-at="2017-10-26T06:32:21Z" finished-at="2017-10-26T06:32:47Z">
      <class name="com.test.pack.Class_test">
        <test-method status="PASS" signature="runSecondTest()[pri:0, instance:com.test.pack.Class_test@1753acfe]" name="runSecondTest" duration-ms="14201" started-at="2017-10-26T12:02:21Z" finished-at="2017-10-26T12:02:35Z">
          <reporter-output>
          </reporter-output>
        </test-method> <!-- runSecondTest -->
        <test-method status="PASS" signature="dofirst()[pri:0, instance:com.test.pack.Class_test@1753acfe]" name="dofirst" duration-ms="14294" started-at="2017-10-26T12:02:21Z" finished-at="2017-10-26T12:02:35Z">
          <reporter-output>
          </reporter-output>
        </test-method> <!-- dofirst -->
        <test-method status="PASS" signature="testGroupTest()[pri:0, instance:com.test.pack.Class_test@1753acfe]" name="testGroupTest" duration-ms="11562" started-at="2017-10-26T12:02:35Z" finished-at="2017-10-26T12:02:47Z">
          <reporter-output>
          </reporter-output>
        </test-method> <!-- testGroupTest -->
      </class> <!-- com.test.pack.Class_test -->
    </test> <!-- Regression suite 1 -->
  </suite> <!-- example suite 1 -->
</testng-results>
