<?xml version="1.0" encoding="UTF-8"?>
<testng-results skipped="0" failed="1" ignored="0" total="1" passed="0">
  <reporter-output>
  </reporter-output>
  <suite name="Default suite" duration-ms="16" started-at="2017-12-08T11:52:29Z" finished-at="2017-12-08T11:52:29Z">
    <groups>
    </groups>
    <test name="Default test" duration-ms="16" started-at="2017-12-08T11:52:29Z" finished-at="2017-12-08T11:52:29Z">
      <class name="testScripts.LoginStarMeup">
        <test-method status="FAIL" signature="topStarsFunctionality(java.lang.String, java.lang.String, java.lang.String)[pri:0, instance:testScripts.LoginStarMeup@8bd1b6a]" name="topStarsFunctionality" duration-ms="0" started-at="2017-12-08T17:22:29Z" data-provider="userdata" finished-at="2017-12-08T17:22:29Z">
          <exception class="org.testng.TestNGException">
            <message>
              <![CDATA[
Method public void testScripts.LoginStarMeup.topStarsFunctionality(java.lang.String,java.lang.String,java.lang.String) requires a @DataProvider named : userdata]]>
            </message>
            <full-stacktrace>
              <![CDATA[org.testng.TestNGException: 
Method public void testScripts.LoginStarMeup.topStarsFunctionality(java.lang.String,java.lang.String,java.lang.String) requires a @DataProvider named : userdata
	at org.testng.internal.Parameters.findDataProvider(Parameters.java:336)
	at org.testng.internal.Parameters.handleParameters(Parameters.java:498)
	at org.testng.internal.Invoker.handleParameters(Invoker.java:1293)
	at org.testng.internal.Invoker.createParameters(Invoker.java:1020)
	at org.testng.internal.Invoker.invokeTestMethods(Invoker.java:1110)
	at org.testng.internal.TestMethodWorker.invokeTestMethods(TestMethodWorker.java:129)
	at org.testng.internal.TestMethodWorker.run(TestMethodWorker.java:112)
	at org.testng.TestRunner.privateRun(TestRunner.java:756)
	at org.testng.TestRunner.run(TestRunner.java:610)
	at org.testng.SuiteRunner.runTest(SuiteRunner.java:387)
	at org.testng.SuiteRunner.runSequentially(SuiteRunner.java:382)
	at org.testng.SuiteRunner.privateRun(SuiteRunner.java:340)
	at org.testng.SuiteRunner.run(SuiteRunner.java:289)
	at org.testng.SuiteRunnerWorker.runSuite(SuiteRunnerWorker.java:52)
	at org.testng.SuiteRunnerWorker.run(SuiteRunnerWorker.java:86)
	at org.testng.TestNG.runSuitesSequentially(TestNG.java:1293)
	at org.testng.TestNG.runSuitesLocally(TestNG.java:1218)
	at org.testng.TestNG.runSuites(TestNG.java:1133)
	at org.testng.TestNG.run(TestNG.java:1104)
	at org.testng.remote.AbstractRemoteTestNG.run(AbstractRemoteTestNG.java:114)
	at org.testng.remote.RemoteTestNG.initAndRun(RemoteTestNG.java:251)
	at org.testng.remote.RemoteTestNG.main(RemoteTestNG.java:77)
]]>
            </full-stacktrace>
          </exception> <!-- org.testng.TestNGException -->
          <reporter-output>
          </reporter-output>
        </test-method> <!-- topStarsFunctionality -->
      </class> <!-- testScripts.LoginStarMeup -->
    </test> <!-- Default test -->
  </suite> <!-- Default suite -->
</testng-results>
